-------------------------------------------------------------------------------
Test set: com.egg.biblioteca.BibliotecaApplicationTests
-------------------------------------------------------------------------------
Tests run: 1, Failures: 0, Errors: 1, Skipped: 0, Time elapsed: 18.136 s <<< FAILURE! - in com.egg.biblioteca.BibliotecaApplicationTests
contextLoads  Time elapsed: 0 s  <<< ERROR!
java.lang.IllegalStateException: Failed to load ApplicationContext
Caused by: org.springframework.beans.factory.UnsatisfiedDependencyException: Error creating bean with name 'autorServicio': Unsatisfied dependency expressed through field 'AutorRepositorio'; nested exception is org.springframework.beans.factory.BeanCreationException: Error creating bean with name 'autorRepositorio' defined in com.egg.biblioteca.repositorios.AutorRepositorio defined in @EnableJpaRepositories declared on JpaRepositoriesRegistrar.EnableJpaRepositoriesConfiguration: Invocation of init method failed; nested exception is org.springframework.data.repository.query.QueryCreationException: Could not create query for public abstract java.lang.Object com.egg.biblioteca.repositorios.AutorRepositorio.findBy(java.lang.String); Reason: Failed to create query for method public abstract java.lang.Object com.egg.biblioteca.repositorios.AutorRepositorio.findBy(java.lang.String)! At least 1 parameter(s) provided but only 0 parameter(s) present in query.; nested exception is java.lang.IllegalArgumentException: Failed to create query for method public abstract java.lang.Object com.egg.biblioteca.repositorios.AutorRepositorio.findBy(java.lang.String)! At least 1 parameter(s) provided but only 0 parameter(s) present in query.
Caused by: org.springframework.beans.factory.BeanCreationException: Error creating bean with name 'autorRepositorio' defined in com.egg.biblioteca.repositorios.AutorRepositorio defined in @EnableJpaRepositories declared on JpaRepositoriesRegistrar.EnableJpaRepositoriesConfiguration: Invocation of init method failed; nested exception is org.springframework.data.repository.query.QueryCreationException: Could not create query for public abstract java.lang.Object com.egg.biblioteca.repositorios.AutorRepositorio.findBy(java.lang.String); Reason: Failed to create query for method public abstract java.lang.Object com.egg.biblioteca.repositorios.AutorRepositorio.findBy(java.lang.String)! At least 1 parameter(s) provided but only 0 parameter(s) present in query.; nested exception is java.lang.IllegalArgumentException: Failed to create query for method public abstract java.lang.Object com.egg.biblioteca.repositorios.AutorRepositorio.findBy(java.lang.String)! At least 1 parameter(s) provided but only 0 parameter(s) present in query.
Caused by: org.springframework.data.repository.query.QueryCreationException: Could not create query for public abstract java.lang.Object com.egg.biblioteca.repositorios.AutorRepositorio.findBy(java.lang.String); Reason: Failed to create query for method public abstract java.lang.Object com.egg.biblioteca.repositorios.AutorRepositorio.findBy(java.lang.String)! At least 1 parameter(s) provided but only 0 parameter(s) present in query.; nested exception is java.lang.IllegalArgumentException: Failed to create query for method public abstract java.lang.Object com.egg.biblioteca.repositorios.AutorRepositorio.findBy(java.lang.String)! At least 1 parameter(s) provided but only 0 parameter(s) present in query.
Caused by: java.lang.IllegalArgumentException: Failed to create query for method public abstract java.lang.Object com.egg.biblioteca.repositorios.AutorRepositorio.findBy(java.lang.String)! At least 1 parameter(s) provided but only 0 parameter(s) present in query.
Caused by: java.lang.IllegalArgumentException: At least 1 parameter(s) provided but only 0 parameter(s) present in query.

